c:\projects\cist 2362\final\final project\final project\debug\vc141.pdb
c:\projects\cist 2362\final\final project\final project\debug\vc141.idb
c:\projects\cist 2362\final\final project\final project\debug\clock.obj
c:\projects\cist 2362\final\final project\final project\debug\cook.obj
c:\projects\cist 2362\final\final project\final project\debug\customer.obj
c:\projects\cist 2362\final\final project\final project\debug\customerhandler.obj
c:\projects\cist 2362\final\final project\final project\debug\drinkmenuitem.obj
c:\projects\cist 2362\final\final project\final project\debug\employee.obj
c:\projects\cist 2362\final\final project\final project\debug\filelog.obj
c:\projects\cist 2362\final\final project\final project\debug\foodmenuitem.obj
c:\projects\cist 2362\final\final project\final project\debug\party.obj
c:\projects\cist 2362\final\final project\final project\debug\restauranthandler.obj
c:\projects\cist 2362\final\final project\final project\debug\restaurantmenuitem.obj
c:\projects\cist 2362\final\final project\final project\debug\restaurantsim.obj
c:\projects\cist 2362\final\final project\final project\debug\server.obj
c:\projects\cist 2362\final\final project\final project\debug\source.obj
c:\projects\cist 2362\final\final project\final project\debug\subject.obj
c:\projects\cist 2362\final\final project\final project\debug\table.obj
c:\projects\cist 2362\final\final project\debug\final project.pdb
c:\projects\cist 2362\final\final project\final project\debug\final project.tlog\cl.command.1.tlog
c:\projects\cist 2362\final\final project\final project\debug\final project.tlog\cl.read.1.tlog
c:\projects\cist 2362\final\final project\final project\debug\final project.tlog\cl.write.1.tlog
c:\projects\cist 2362\final\final project\final project\debug\final project.tlog\link-cvtres.read.1.tlog
c:\projects\cist 2362\final\final project\final project\debug\final project.tlog\link-cvtres.write.1.tlog
c:\projects\cist 2362\final\final project\final project\debug\final project.tlog\link-rc.read.1.tlog
c:\projects\cist 2362\final\final project\final project\debug\final project.tlog\link-rc.write.1.tlog
c:\projects\cist 2362\final\final project\final project\debug\final project.tlog\link.command.1.tlog
c:\projects\cist 2362\final\final project\final project\debug\final project.tlog\link.read.1.tlog
c:\projects\cist 2362\final\final project\final project\debug\final project.tlog\link.write.1.tlog
